2025-04-23 17:40:49,578 - MarstekBLE - INFO - Scanning for Marstek devices...
2025-04-23 17:40:54,643 - MarstekBLE - INFO - Found Marstek device: HM_B2500_64b3 (14:80:CC:FA:64:B3)
2025-04-23 17:40:57,800 - MarstekBLE - INFO - Connecting to 14:80:CC:FA:64:B3...
2025-04-23 17:41:00,097 - MarstekBLE - INFO - Connected to 14:80:CC:FA:64:B3
2025-04-23 17:41:00,751 - MarstekBLE - INFO - Sending initialization command...
2025-04-23 17:41:00,954 - MarstekBLE - INFO - Initialization command timed out (expected)
2025-04-23 17:41:10,415 - MarstekBLE - WARNING - No response received for command 0x0f
2025-04-23 17:41:43,818 - MarstekBLE - INFO - Updated runtime data: PV1=0W, PV2=22W, Battery=100.0%, Output1=0W, Output2=24W
2025-04-23 17:41:47,734 - MarstekBLE - INFO - Updated device info: Type=HMJ-2, ID=360111504d463037340b7025, MAC=1480ccfa64b3, Firmware=100.8
2025-04-23 17:42:07,044 - MarstekBLE - WARNING - No response received for command 0x0f
2025-04-23 17:43:52,070 - MarstekBLE - INFO - Disconnected from 14:80:CC:FA:64:B3
2025-04-23 17:47:11,729 - MarstekBLE - INFO - Scanning for Marstek devices...
2025-04-23 17:47:16,812 - MarstekBLE - INFO - Found Marstek device: HM_B2500_64b3 (14:80:CC:FA:64:B3)
2025-04-23 17:47:19,691 - MarstekBLE - INFO - Connecting to 14:80:CC:FA:64:B3...
2025-04-23 17:47:21,431 - MarstekBLE - INFO - Connected to 14:80:CC:FA:64:B3
2025-04-23 17:47:21,859 - MarstekBLE - INFO - Sending initialization command...
2025-04-23 17:47:22,063 - MarstekBLE - INFO - Initialization command timed out (expected)
2025-04-23 17:47:27,035 - MarstekBLE - INFO - Updated runtime data: PV1=0W, PV2=23W, Battery=100.0%, Output1=0W, Output2=22W
2025-04-23 17:47:33,078 - MarstekBLE - INFO - Requesting cell voltages...
2025-04-23 17:47:38,083 - MarstekBLE - WARNING - No response received for command 0x0f
2025-04-23 17:47:38,083 - MarstekBLE - INFO - Retrying cell voltages request with different parameter...
2025-04-23 17:47:44,089 - MarstekBLE - WARNING - No response received for command 0x0f
2025-04-23 17:53:13,248 - MarstekBLE - ERROR - Disconnection error: [org.freedesktop.DBus.Error.UnknownObject] Method "StopNotify" with signature "" on interface "org.bluez.GattCharacteristic1" doesn't exist

2025-04-23 17:54:28,521 - MarstekBLE - INFO - Connecting to 14:80:CC:FA:64:B3...
